/*C12*/SET SCHEMA PUBLIC
drop table produit if exists
create table produit (id bigint generated by default as identity (start with 1), designation varchar(255), prix double not null, quantite integer not null, primary key (id))
INSERT INTO PRODUIT VALUES(1,'HX 524',50.0E0,4)
COMMIT
INSERT INTO PRODUIT VALUES(2,'PX 994',76.0E0,12)
COMMIT
INSERT INTO PRODUIT VALUES(3,'KK 087',98.0E0,54)
COMMIT
INSERT INTO PRODUIT VALUES(4,'UH 934',7.0E0,4)
COMMIT
INSERT INTO PRODUIT VALUES(5,'KO 932',40.0E0,9)
COMMIT
DISCONNECT
/*C11*/SET SCHEMA PUBLIC
DISCONNECT
/*C10*/SET SCHEMA PUBLIC
DISCONNECT
/*C9*/SET SCHEMA PUBLIC
DISCONNECT
/*C8*/SET SCHEMA PUBLIC
DISCONNECT
/*C7*/SET SCHEMA PUBLIC
DISCONNECT
/*C6*/SET SCHEMA PUBLIC
DISCONNECT
/*C5*/SET SCHEMA PUBLIC
DISCONNECT
/*C4*/SET SCHEMA PUBLIC
DISCONNECT
/*C3*/SET SCHEMA PUBLIC
DISCONNECT
